<?xml version="1.0" encoding="UTF-8"?>
<testsuite name="Sanity"
           tests="7"
           failures="0"
           errors="0"
           skipped="0"
           time="29.949">
  <properties />
  
  
            <testcase name="verifyJobSearchResultUsingDifferentDataSet" time="4.096" classname="uk.co.library.testsuite.JobSearchTest" />
                <testcase name="verifyJobSearchResultUsingDifferentDataSet" time="4.003" classname="uk.co.library.testsuite.JobSearchTest" />
                <testcase name="verifyJobSearchResultUsingDifferentDataSet" time="3.745" classname="uk.co.library.testsuite.JobSearchTest" />
                <testcase name="verifyJobSearchResultUsingDifferentDataSet" time="4.293" classname="uk.co.library.testsuite.JobSearchTest" />
                <testcase name="verifyJobSearchResultUsingDifferentDataSet" time="5.132" classname="uk.co.library.testsuite.JobSearchTest" />
                <testcase name="verifyJobSearchResultUsingDifferentDataSet" time="5.141" classname="uk.co.library.testsuite.JobSearchTest" />
                <testcase name="verifyJobSearchResultUsingDifferentDataSet" time="3.539" classname="uk.co.library.testsuite.JobSearchTest" />
      
</testsuite>
